2025-06-28 16:16:39,791 - Starting training for MNIST with VisionTransformer.
2025-06-28 16:16:39,792 - Configuration: epochs=30, lr=0.0001, batch_size=128, device=cuda
2025-06-28 16:16:44,946 - Epoch 1/30 | Train Loss: 0.4111, Train Acc: 0.8806 | Val Loss: 0.1608, Val Acc: 0.9499
2025-06-28 16:16:44,969 - Best model saved to checkpoints_transformer_mnist/best_model.pth
2025-06-28 16:16:49,964 - Epoch 2/30 | Train Loss: 0.1868, Train Acc: 0.9441 | Val Loss: 0.1152, Val Acc: 0.9643
2025-06-28 16:16:49,994 - Best model saved to checkpoints_transformer_mnist/best_model.pth
2025-06-28 16:16:54,995 - Epoch 3/30 | Train Loss: 0.1450, Train Acc: 0.9565 | Val Loss: 0.1171, Val Acc: 0.9646
2025-06-28 16:17:00,015 - Epoch 4/30 | Train Loss: 0.1188, Train Acc: 0.9635 | Val Loss: 0.1005, Val Acc: 0.9701
2025-06-28 16:17:00,039 - Best model saved to checkpoints_transformer_mnist/best_model.pth
2025-06-28 16:17:05,034 - Epoch 5/30 | Train Loss: 0.1035, Train Acc: 0.9681 | Val Loss: 0.0990, Val Acc: 0.9695
2025-06-28 16:17:05,059 - Best model saved to checkpoints_transformer_mnist/best_model.pth
2025-06-28 16:17:10,049 - Epoch 6/30 | Train Loss: 0.0948, Train Acc: 0.9714 | Val Loss: 0.0878, Val Acc: 0.9743
2025-06-28 16:17:10,072 - Best model saved to checkpoints_transformer_mnist/best_model.pth
2025-06-28 16:17:15,090 - Epoch 7/30 | Train Loss: 0.0825, Train Acc: 0.9743 | Val Loss: 0.0889, Val Acc: 0.9728
2025-06-28 16:17:20,136 - Epoch 8/30 | Train Loss: 0.0794, Train Acc: 0.9753 | Val Loss: 0.0783, Val Acc: 0.9750
2025-06-28 16:17:20,158 - Best model saved to checkpoints_transformer_mnist/best_model.pth
2025-06-28 16:17:25,159 - Epoch 9/30 | Train Loss: 0.0711, Train Acc: 0.9777 | Val Loss: 0.0811, Val Acc: 0.9753
2025-06-28 16:17:30,177 - Epoch 10/30 | Train Loss: 0.0671, Train Acc: 0.9788 | Val Loss: 0.0751, Val Acc: 0.9787
2025-06-28 16:17:30,205 - Best model saved to checkpoints_transformer_mnist/best_model.pth
2025-06-28 16:17:35,248 - Epoch 11/30 | Train Loss: 0.0619, Train Acc: 0.9800 | Val Loss: 0.0721, Val Acc: 0.9805
2025-06-28 16:17:35,271 - Best model saved to checkpoints_transformer_mnist/best_model.pth
2025-06-28 16:17:40,338 - Epoch 12/30 | Train Loss: 0.0582, Train Acc: 0.9812 | Val Loss: 0.0642, Val Acc: 0.9818
2025-06-28 16:17:40,366 - Best model saved to checkpoints_transformer_mnist/best_model.pth
2025-06-28 16:17:45,355 - Epoch 13/30 | Train Loss: 0.0529, Train Acc: 0.9833 | Val Loss: 0.0618, Val Acc: 0.9813
2025-06-28 16:17:45,386 - Best model saved to checkpoints_transformer_mnist/best_model.pth
2025-06-28 16:17:50,363 - Epoch 14/30 | Train Loss: 0.0497, Train Acc: 0.9848 | Val Loss: 0.0673, Val Acc: 0.9816
2025-06-28 16:17:55,404 - Epoch 15/30 | Train Loss: 0.0497, Train Acc: 0.9843 | Val Loss: 0.0642, Val Acc: 0.9802
2025-06-28 16:18:00,418 - Epoch 16/30 | Train Loss: 0.0495, Train Acc: 0.9843 | Val Loss: 0.0726, Val Acc: 0.9788
2025-06-28 16:18:05,454 - Epoch 17/30 | Train Loss: 0.0436, Train Acc: 0.9861 | Val Loss: 0.0644, Val Acc: 0.9813
2025-06-28 16:18:10,519 - Epoch 18/30 | Train Loss: 0.0414, Train Acc: 0.9869 | Val Loss: 0.0834, Val Acc: 0.9773
2025-06-28 16:18:15,487 - Epoch 19/30 | Train Loss: 0.0422, Train Acc: 0.9863 | Val Loss: 0.0689, Val Acc: 0.9815
2025-06-28 16:18:20,537 - Epoch 20/30 | Train Loss: 0.0383, Train Acc: 0.9874 | Val Loss: 0.0706, Val Acc: 0.9808
2025-06-28 16:18:25,564 - Epoch 21/30 | Train Loss: 0.0382, Train Acc: 0.9873 | Val Loss: 0.0717, Val Acc: 0.9801
2025-06-28 16:18:30,523 - Epoch 22/30 | Train Loss: 0.0337, Train Acc: 0.9890 | Val Loss: 0.0634, Val Acc: 0.9816
2025-06-28 16:18:35,536 - Epoch 23/30 | Train Loss: 0.0322, Train Acc: 0.9895 | Val Loss: 0.0693, Val Acc: 0.9810
2025-06-28 16:18:40,578 - Epoch 24/30 | Train Loss: 0.0329, Train Acc: 0.9889 | Val Loss: 0.0732, Val Acc: 0.9792
2025-06-28 16:18:45,591 - Epoch 25/30 | Train Loss: 0.0293, Train Acc: 0.9902 | Val Loss: 0.0654, Val Acc: 0.9826
2025-06-28 16:18:50,604 - Epoch 26/30 | Train Loss: 0.0298, Train Acc: 0.9900 | Val Loss: 0.0669, Val Acc: 0.9814
2025-06-28 16:18:59,855 - Epoch 27/30 | Train Loss: 0.0283, Train Acc: 0.9909 | Val Loss: 0.0662, Val Acc: 0.9824
2025-06-28 16:19:04,761 - Epoch 28/30 | Train Loss: 0.0267, Train Acc: 0.9912 | Val Loss: 0.0635, Val Acc: 0.9825
2025-06-28 16:19:09,680 - Epoch 29/30 | Train Loss: 0.0273, Train Acc: 0.9906 | Val Loss: 0.0594, Val Acc: 0.9841
2025-06-28 16:19:09,705 - Best model saved to checkpoints_transformer_mnist/best_model.pth
2025-06-28 16:19:14,515 - Epoch 30/30 | Train Loss: 0.0250, Train Acc: 0.9917 | Val Loss: 0.0632, Val Acc: 0.9848
2025-06-28 16:19:14,515 - Training finished.
2025-06-28 16:19:14,573 - Loss plot saved to loss_plot_transformer_mnist.png
